  QGHomeWork_Week3_AnXiang.c
c:\users\mebla\source\repos\qghomework_week3_anxiang\qghomework_week3_anxiang\aqueue.h : warning C4819: 该文件包含不能在当前代码页(936)中表示的字符。请将该文件保存为 Unicode 格式以防止数据丢失
c:\users\mebla\source\repos\qghomework_week3_anxiang\qghomework_week3_anxiang\aqueue.h(44): warning C4090: “函数”: 不同的“const”限定符
c:\users\mebla\source\repos\qghomework_week3_anxiang\qghomework_week3_anxiang\aqueue.h(211): warning C4018: “<”: 有符号/无符号不匹配
c:\users\mebla\source\repos\qghomework_week3_anxiang\qghomework_week3_anxiang\aqueue.h(237): warning C4033: “TraverseAQueue”必须返回值
c:\users\mebla\source\repos\qghomework_week3_anxiang\qghomework_week3_anxiang\aqueue.h(240): warning C4090: “函数”: 不同的“const”限定符
c:\users\mebla\source\repos\qghomework_week3_anxiang\qghomework_week3_anxiang\aqueue.h(243): warning C4018: “<”: 有符号/无符号不匹配
c:\users\mebla\source\repos\qghomework_week3_anxiang\qghomework_week3_anxiang\aqueue.h(263): warning C4047: “函数”:“char *”与“const char”的间接级别不同
c:\users\mebla\source\repos\qghomework_week3_anxiang\qghomework_week3_anxiang\aqueue.h(263): warning C4024: “comparStr”: 形参和实参 1 的类型不同
c:\users\mebla\source\repos\qghomework_week3_anxiang\qghomework_week3_anxiang\lqueue.h : warning C4819: 该文件包含不能在当前代码页(936)中表示的字符。请将该文件保存为 Unicode 格式以防止数据丢失
c:\users\mebla\source\repos\qghomework_week3_anxiang\qghomework_week3_anxiang\lqueue.h(43): warning C4090: “函数”: 不同的“const”限定符
c:\users\mebla\source\repos\qghomework_week3_anxiang\qghomework_week3_anxiang\lqueue.h(54): warning C4018: “<”: 有符号/无符号不匹配
c:\users\mebla\source\repos\qghomework_week3_anxiang\qghomework_week3_anxiang\lqueue.h(226): warning C4018: “<”: 有符号/无符号不匹配
c:\users\mebla\source\repos\qghomework_week3_anxiang\qghomework_week3_anxiang\lqueue.h(251): warning C4018: “<”: 有符号/无符号不匹配
c:\users\mebla\source\repos\qghomework_week3_anxiang\qghomework_week3_anxiang\lqueue.h(266): warning C4047: “函数”:“char *”与“const char”的间接级别不同
c:\users\mebla\source\repos\qghomework_week3_anxiang\qghomework_week3_anxiang\lqueue.h(266): warning C4024: “comparStr”: 形参和实参 1 的类型不同
c:\users\mebla\source\repos\qghomework_week3_anxiang\qghomework_week3_anxiang\qghomework_week3_anxiang.c(36): warning C4996: 'scanf': This function or variable may be unsafe. Consider using scanf_s instead. To disable deprecation, use _CRT_SECURE_NO_WARNINGS. See online help for details.
  c:\program files (x86)\windows kits\10\include\10.0.17134.0\ucrt\stdio.h(1274): note: 参见“scanf”的声明
c:\users\mebla\source\repos\qghomework_week3_anxiang\qghomework_week3_anxiang\qghomework_week3_anxiang.c(86): warning C4996: 'scanf': This function or variable may be unsafe. Consider using scanf_s instead. To disable deprecation, use _CRT_SECURE_NO_WARNINGS. See online help for details.
  c:\program files (x86)\windows kits\10\include\10.0.17134.0\ucrt\stdio.h(1274): note: 参见“scanf”的声明
c:\users\mebla\source\repos\qghomework_week3_anxiang\qghomework_week3_anxiang\qghomework_week3_anxiang.c(141): warning C4996: 'scanf': This function or variable may be unsafe. Consider using scanf_s instead. To disable deprecation, use _CRT_SECURE_NO_WARNINGS. See online help for details.
  c:\program files (x86)\windows kits\10\include\10.0.17134.0\ucrt\stdio.h(1274): note: 参见“scanf”的声明
c:\users\mebla\source\repos\qghomework_week3_anxiang\qghomework_week3_anxiang\qghomework_week3_anxiang.c(247): warning C4018: “<”: 有符号/无符号不匹配
c:\users\mebla\source\repos\qghomework_week3_anxiang\qghomework_week3_anxiang\qghomework_week3_anxiang.c(267): warning C4018: “<”: 有符号/无符号不匹配
c:\users\mebla\source\repos\qghomework_week3_anxiang\qghomework_week3_anxiang\qghomework_week3_anxiang.c(361): warning C4996: 'scanf': This function or variable may be unsafe. Consider using scanf_s instead. To disable deprecation, use _CRT_SECURE_NO_WARNINGS. See online help for details.
  c:\program files (x86)\windows kits\10\include\10.0.17134.0\ucrt\stdio.h(1274): note: 参见“scanf”的声明
c:\users\mebla\source\repos\qghomework_week3_anxiang\qghomework_week3_anxiang\aqueue.h(252): warning C4716: “TraverseAQueue”: 必须返回一个值
c:\users\mebla\source\repos\qghomework_week3_anxiang\qghomework_week3_anxiang\qghomework_week3_anxiang.c(489): warning C4715: “getCode”: 不是所有的控件路径都返回值
  QGHomeWork_Week3_AnXiang.vcxproj -> C:\Users\mebla\source\repos\QGHomeWork_Week3_AnXiang\Debug\QGHomeWork_Week3_AnXiang.exe
